<?xml version="1.0" encoding="UTF-8"?>
<testsuite xmlns:xsi="http://www.w3.org/2001/XMLSchema-instance" xsi:noNamespaceSchemaLocation="https://maven.apache.org/surefire/maven-surefire-plugin/xsd/surefire-test-report.xsd" version="3.0.1" name="com.myhttpserver.app.parser.RequestParserTest" time="0.177" tests="7" errors="0" skipped="0" failures="0">
  <properties>
[...]
</properties>
  <testcase name="givenRequestWithNoHostHeader_whenParseRequest_thenThrowHttpParseExceptionWith400" classname="com.myhttpserver.app.parser.RequestParserTest" time="0.114"/>
  <testcase name="givenHeaderValueWithExtraWhiteSpace_whenParseRequest_thenValueIsTrimmed" classname="com.myhttpserver.app.parser.RequestParserTest" time="0.008"/>
  <testcase name="givenValidGetRequest_whenParseRequest_thenParsesRequestSuccessfully" classname="com.myhttpserver.app.parser.RequestParserTest" time="0.005"/>
  <testcase name="givenRequestWithBareLF_whenParseRequest_thenThrowHttpParseExceptionWith400" classname="com.myhttpserver.app.parser.RequestParserTest" time="0.002"/>
  <testcase name="givenRequestWithMalformedRequestLine_whenParseRequest_thenThrowHttpParseExceptionWith400" classname="com.myhttpserver.app.parser.RequestParserTest" time="0.002"/>
  <testcase name="givenRequestWithMultipleHeaders_whenParseRequest_thenAllHeadersPresent" classname="com.myhttpserver.app.parser.RequestParserTest" time="0.002"/>
  <testcase name="givenRequestWithIncorrectHttpVersion_whenParseRequest_thenThrowHttpParseExceptionWith505" classname="com.myhttpserver.app.parser.RequestParserTest" time="0.003"/>
</testsuite>